gn-mobile-android-1.1.5.3105/app/build/outputs/logs/manifest-merger-debug-report.txt
-- Merging decision tree log ---
manifest
ADDED from AndroidManifest.xml:2:1
	package
		ADDED from AndroidManifest.xml:3:5
		INJECTED from AndroidManifest.xml:0:0
		INJECTED from AndroidManifest.xml:0:0
	android:versionName
		ADDED from AndroidManifest.xml:5:5
	android:versionCode
		ADDED from AndroidManifest.xml:4:5
		INJECTED from AndroidManifest.xml:0:0
		INJECTED from AndroidManifest.xml:0:0
	xmlns:android
		ADDED from AndroidManifest.xml:2:11
uses-sdk
ADDED from AndroidManifest.xml:7:5
	android:targetSdkVersion
		ADDED from AndroidManifest.xml:7:43
		INJECTED from AndroidManifest.xml:0:0
		INJECTED from AndroidManifest.xml:0:0
	android:minSdkVersion
		ADDED from AndroidManifest.xml:7:15
		INJECTED from AndroidManifest.xml:0:0
		INJECTED from AndroidManifest.xml:0:0
application
ADDED from AndroidManifest.xml:9:5
	android:label
		ADDED from AndroidManifest.xml:11:9
	android:icon
		ADDED from AndroidManifest.xml:10:9
uses-library#com.google.android.maps
ADDED from AndroidManifest.xml:12:9
	android:required
		ADDED from AndroidManifest.xml:12:62
	android:name
		ADDED from AndroidManifest.xml:12:23
activity#com.customer.example.GracenoteMusicID
ADDED from AndroidManifest.xml:13:9
	android:screenOrientation
		ADDED from AndroidManifest.xml:16:13
	android:label
		ADDED from AndroidManifest.xml:15:13
	android:name
		ADDED from AndroidManifest.xml:14:13
intent-filter#android.intent.action.MAIN+android.intent.category.LAUNCHER
ADDED from AndroidManifest.xml:17:13
action#android.intent.action.MAIN
ADDED from AndroidManifest.xml:18:17
	android:name
		ADDED from AndroidManifest.xml:18:25
category#android.intent.category.LAUNCHER
ADDED from AndroidManifest.xml:20:17
	android:name
		ADDED from AndroidManifest.xml:20:27
activity#com.customer.example.HistoryDetails
ADDED from AndroidManifest.xml:24:9
	android:screenOrientation
		ADDED from AndroidManifest.xml:24:49
	android:name
		ADDED from AndroidManifest.xml:24:19
service#com.customer.example.IdNowService
ADDED from AndroidManifest.xml:27:9
	android:name
		ADDED from AndroidManifest.xml:27:18
receiver#com.customer.example.IdNowWidgetProvider
ADDED from AndroidManifest.xml:29:3
	android:name
		ADDED from AndroidManifest.xml:29:13
intent-filter#android.appwidget.action.APPWIDGET_UPDATE+android.intent.category.ALTERNATIVE+android.intent.category.DEFAULT
ADDED from AndroidManifest.xml:30:7
action#android.appwidget.action.APPWIDGET_UPDATE
ADDED from AndroidManifest.xml:31:11
	android:name
		ADDED from AndroidManifest.xml:31:19
category#android.intent.category.DEFAULT
ADDED from AndroidManifest.xml:32:11
	android:name
		ADDED from AndroidManifest.xml:32:21
category#android.intent.category.ALTERNATIVE
ADDED from AndroidManifest.xml:33:11
	android:name
		ADDED from AndroidManifest.xml:33:21
intent-filter#com.customer.example.IdNowService.IDNOW
ADDED from AndroidManifest.xml:35:7
action#com.customer.example.IdNowService.IDNOW
ADDED from AndroidManifest.xml:36:11
	android:name
		ADDED from AndroidManifest.xml:36:19
intent-filter#com.customer.example.IdNowService.CANCEL
ADDED from AndroidManifest.xml:38:8
action#com.customer.example.IdNowService.CANCEL
ADDED from AndroidManifest.xml:39:11
	android:name
		ADDED from AndroidManifest.xml:39:19
meta-data#android.appwidget.provider
ADDED from AndroidManifest.xml:41:7
	android:resource
		ADDED from AndroidManifest.xml:42:18
	android:name
		ADDED from AndroidManifest.xml:41:18
uses-permission#android.permission.RECORD_AUDIO
ADDED from AndroidManifest.xml:47:5
	android:name
		ADDED from AndroidManifest.xml:47:22
uses-permission#android.permission.WRITE_EXTERNAL_STORAGE
ADDED from AndroidManifest.xml:48:5
	android:name
		ADDED from AndroidManifest.xml:48:22
uses-permission#android.permission.INTERNET
ADDED from AndroidManifest.xml:49:5
	android:name
		ADDED from AndroidManifest.xml:49:22
uses-permission#android.permission.ACCESS_NETWORK_STATE
ADDED from AndroidManifest.xml:50:5
	android:name
		ADDED from AndroidManifest.xml:50:22